<?xml version="1.0" encoding="UTF-8"?>
<testng-results ignored="0" total="4" passed="4" failed="0" skipped="0">
  <reporter-output>
  </reporter-output>
  <suite started-at="2024-01-18T08:44:27 CST" name="restAssured-gradleTestSuite" finished-at="2024-01-18T08:44:30 CST" duration-ms="3306">
    <groups>
    </groups>
    <test started-at="2024-01-18T08:44:27 CST" name="Demo" finished-at="2024-01-18T08:44:30 CST" duration-ms="3306">
      <class name="com.example.TestDemo">
        <test-method signature="verifyBodyErrorMsgIsSuccess()[pri:0, instance:com.example.TestDemo@31ff43be]" started-at="2024-01-18T08:44:27 CST" name="verifyBodyErrorMsgIsSuccess" description="Verify body message is Success" finished-at="2024-01-18T08:44:29 CST" duration-ms="2268" status="PASS">
          <reporter-output>
          </reporter-output>
        </test-method> <!-- verifyBodyErrorMsgIsSuccess -->
        <test-method signature="verifyGetAPI()[pri:0, instance:com.example.TestDemo@31ff43be]" started-at="2024-01-18T08:44:29 CST" name="verifyGetAPI" description="Verify that the Get Post API returns correctly" finished-at="2024-01-18T08:44:29 CST" duration-ms="276" status="PASS">
          <reporter-output>
          </reporter-output>
        </test-method> <!-- verifyGetAPI -->
        <test-method signature="verifyMessageLenghtEqualTo()[pri:0, instance:com.example.TestDemo@31ff43be]" started-at="2024-01-18T08:44:29 CST" name="verifyMessageLenghtEqualTo" description="Verify message lenght equal to expected length" finished-at="2024-01-18T08:44:30 CST" duration-ms="421" status="PASS">
          <reporter-output>
          </reporter-output>
        </test-method> <!-- verifyMessageLenghtEqualTo -->
        <test-method signature="verifyPostAPI()[pri:0, instance:com.example.TestDemo@31ff43be]" started-at="2024-01-18T08:44:30 CST" name="verifyPostAPI" description="Verify that the publish post API returns correctly" finished-at="2024-01-18T08:44:30 CST" duration-ms="306" status="PASS">
          <reporter-output>
          </reporter-output>
        </test-method> <!-- verifyPostAPI -->
      </class> <!-- com.example.TestDemo -->
    </test> <!-- Demo -->
  </suite> <!-- restAssured-gradleTestSuite -->
</testng-results>
